<?xml version="1.0" encoding="UTF-8"?>
<testsuite xmlns:xsi="http://www.w3.org/2001/XMLSchema-instance" xsi:noNamespaceSchemaLocation="https://maven.apache.org/surefire/maven-surefire-plugin/xsd/surefire-test-report-3.0.xsd" version="3.0" name="ru.rksp.rsocket.server.RsocketServerApplicationTests" time="1.352" tests="1" errors="0" skipped="0" failures="0">
  <properties>
[...]
</properties>
  <testcase name="contextLoads" classname="ru.rksp.rsocket.server.RsocketServerApplicationTests" time="0.386">
    <system-out><![CDATA[08:25:11.673 [main] INFO org.springframework.test.context.support.AnnotationConfigContextLoaderUtils -- Could not detect default configuration classes for test class [ru.rksp.rsocket.server.RsocketServerApplicationTests]: RsocketServerApplicationTests does not declare any static, non-private, non-final, nested classes annotated with @Configuration.
08:25:11.722 [main] INFO org.springframework.boot.test.context.SpringBootTestContextBootstrapper -- Found @SpringBootConfiguration ru.rksp.rsocket.server.RsocketServerApplication for test class ru.rksp.rsocket.server.RsocketServerApplicationTests
08:25:11.768 [main] INFO org.springframework.boot.devtools.restart.RestartApplicationListener -- Restart disabled due to context in which it is running

  .   ____          _            __ _ _
 /\\ / ___'_ __ _ _(_)_ __  __ _ \ \ \ \
( ( )\___ | '_ | '_| | '_ \/ _` | \ \ \ \
 \\/  ___)| |_)| | | | | || (_| |  ) ) ) )
  '  |____| .__|_| |_|_| |_\__, | / / / /
 =========|_|==============|___/=/_/_/_/
 :: Spring Boot ::                (v3.1.6)

2024-12-16T08:25:11.851+03:00  INFO 23601 --- [           main] r.r.r.s.RsocketServerApplicationTests    : Starting RsocketServerApplicationTests using Java 21.0.4 with PID 23601 (started by a.bazhenov in /Users/a.bazhenov/Edu/course4/4_1/РКСП/prac7)
2024-12-16T08:25:11.851+03:00  INFO 23601 --- [           main] r.r.r.s.RsocketServerApplicationTests    : No active profile set, falling back to 1 default profile: "default"
2024-12-16T08:25:12.087+03:00  INFO 23601 --- [           main] .s.d.r.c.RepositoryConfigurationDelegate : Bootstrapping Spring Data R2DBC repositories in DEFAULT mode.
2024-12-16T08:25:12.134+03:00  INFO 23601 --- [           main] .s.d.r.c.RepositoryConfigurationDelegate : Finished Spring Data repository scanning in 45 ms. Found 1 R2DBC repository interface.
2024-12-16T08:25:12.554+03:00  INFO 23601 --- [           main] r.r.r.s.RsocketServerApplicationTests    : Started RsocketServerApplicationTests in 0.789 seconds (process running for 1.154)
]]></system-out>
    <system-err><![CDATA[WARNING: A Java agent has been loaded dynamically (/Users/a.bazhenov/.m2/repository/net/bytebuddy/byte-buddy-agent/1.14.10/byte-buddy-agent-1.14.10.jar)
WARNING: If a serviceability tool is in use, please run with -XX:+EnableDynamicAgentLoading to hide this warning
WARNING: If a serviceability tool is not in use, please run with -Djdk.instrument.traceUsage for more information
WARNING: Dynamic loading of agents will be disallowed by default in a future release
]]></system-err>
  </testcase>
</testsuite>